::1 - - [01/Mar/2021:15:29:11 +0700] "GET / HTTP/1.1" 200 3894
::1 - - [01/Mar/2021:15:29:11 +0700] "GET /assets/css/mystyle.css HTTP/1.1" 200 4613
::1 - - [01/Mar/2021:15:29:11 +0700] "GET /assets/js/default.js HTTP/1.1" 200 5162
::1 - - [01/Mar/2021:15:29:11 +0700] "GET /assets/image/edit2-small.jpg HTTP/1.1" 200 108604
::1 - - [01/Mar/2021:15:29:12 +0700] "GET /favicon.ico HTTP/1.1" 404 1160
::1 - - [01/Mar/2021:15:29:19 +0700] "GET /component/documents.html HTTP/1.1" 200 3809
::1 - - [01/Mar/2021:15:29:19 +0700] "GET /assets/image/scanned/ktp.jpg HTTP/1.1" 200 85079
::1 - - [01/Mar/2021:15:29:19 +0700] "GET /assets/image/scanned/simc.jpg HTTP/1.1" 200 102388
::1 - - [01/Mar/2021:15:29:19 +0700] "GET /assets/image/scanned/sk-mata.jpg HTTP/1.1" 200 328634
::1 - - [01/Mar/2021:15:29:19 +0700] "GET /assets/image/scanned/ijazah-depan.jpg HTTP/1.1" 200 449278
::1 - - [01/Mar/2021:15:29:19 +0700] "GET /assets/image/scanned/transkrip.jpg HTTP/1.1" 200 396909
::1 - - [01/Mar/2021:15:29:19 +0700] "GET /assets/image/scanned/ijazah-belakang.jpg HTTP/1.1" 200 409223
::1 - - [01/Mar/2021:15:29:19 +0700] "GET /assets/image/scanned/verklaring-otics.jpg HTTP/1.1" 200 327601
::1 - - [01/Mar/2021:15:29:19 +0700] "GET /assets/image/scanned/verklaring-go.jpg HTTP/1.1" 200 360760
::1 - - [01/Mar/2021:15:34:13 +0700] "GET / HTTP/1.1" 304 -
::1 - - [01/Mar/2021:15:34:23 +0700] "GET / HTTP/1.1" 304 -
::1 - - [01/Mar/2021:15:35:14 +0700] "-" 408 -
::1 - - [01/Mar/2021:15:35:40 +0700] "GET / HTTP/1.1" 200 3896
::1 - - [01/Mar/2021:15:36:13 +0700] "GET / HTTP/1.1" 200 3894
::1 - - [01/Mar/2021:15:36:18 +0700] "GET /component/documents.html HTTP/1.1" 200 5435
::1 - - [01/Mar/2021:15:36:18 +0700] "GET /assets/image/scanned/ktp.jpg HTTP/1.1" 200 85079
::1 - - [01/Mar/2021:15:36:18 +0700] "GET /assets/image/scanned/simc.jpg HTTP/1.1" 200 102388
::1 - - [01/Mar/2021:15:36:18 +0700] "GET /assets/image/scanned/sk-mata.jpg HTTP/1.1" 200 328634
::1 - - [01/Mar/2021:15:36:18 +0700] "GET /assets/image/scanned/ijazah-depan.jpg HTTP/1.1" 200 449278
::1 - - [01/Mar/2021:15:36:18 +0700] "GET /assets/image/scanned/ijazah-belakang.jpg HTTP/1.1" 200 409223
::1 - - [01/Mar/2021:15:36:18 +0700] "GET /assets/image/scanned/transkrip.jpg HTTP/1.1" 200 396909
::1 - - [01/Mar/2021:15:36:19 +0700] "GET /assets/image/scanned/verklaring/verklaring_leibel_kontrak.jpg HTTP/1.1" 403 1021
::1 - - [01/Mar/2021:15:36:19 +0700] "GET /assets/image/scanned/verklaring-go.jpg HTTP/1.1" 200 360760
::1 - - [01/Mar/2021:15:36:19 +0700] "GET /assets/image/scanned/verklaring/verklaring_cisangkan.jpg HTTP/1.1" 403 1021
::1 - - [01/Mar/2021:15:36:19 +0700] "GET /assets/image/scanned/sertifikat/sertifikat_ujikom_depan.jpg HTTP/1.1" 403 1021
::1 - - [01/Mar/2021:15:36:19 +0700] "GET /assets/image/scanned/sertifikat/sertifikat_ujikom_blk.jpg HTTP/1.1" 403 1021
::1 - - [01/Mar/2021:15:36:22 +0700] "GET / HTTP/1.1" 200 3894
::1 - - [01/Mar/2021:15:36:22 +0700] "GET /assets/css/mystyle.css HTTP/1.1" 200 4613
::1 - - [01/Mar/2021:15:36:33 +0700] "GET /assets/js/default.js HTTP/1.1" 200 5162
::1 - - [01/Mar/2021:15:36:34 +0700] "GET /assets/image/edit2-small.jpg HTTP/1.1" 200 108604
::1 - - [01/Mar/2021:15:36:43 +0700] "GET /component/documents.html HTTP/1.1" 200 5435
::1 - - [01/Mar/2021:15:36:43 +0700] "GET /assets/image/scanned/ktp.jpg HTTP/1.1" 200 85079
::1 - - [01/Mar/2021:15:36:43 +0700] "GET /assets/image/scanned/simc.jpg HTTP/1.1" 200 102388
::1 - - [01/Mar/2021:15:36:43 +0700] "GET /assets/image/scanned/sk-mata.jpg HTTP/1.1" 200 328634
::1 - - [01/Mar/2021:15:36:43 +0700] "GET /assets/image/scanned/ijazah-depan.jpg HTTP/1.1" 200 449278
::1 - - [01/Mar/2021:15:36:43 +0700] "GET /assets/image/scanned/ijazah-belakang.jpg HTTP/1.1" 200 409223
::1 - - [01/Mar/2021:15:36:43 +0700] "GET /assets/image/scanned/transkrip.jpg HTTP/1.1" 200 396909
::1 - - [01/Mar/2021:15:36:43 +0700] "GET /assets/image/scanned/verklaring-go.jpg HTTP/1.1" 200 360760
::1 - - [01/Mar/2021:15:36:43 +0700] "GET /assets/image/scanned/verklaring/verklaring_leibel_kontrak.jpg HTTP/1.1" 403 1021
::1 - - [01/Mar/2021:15:36:43 +0700] "GET /assets/image/scanned/verklaring/verklaring_cisangkan.jpg HTTP/1.1" 403 1021
::1 - - [01/Mar/2021:15:36:43 +0700] "GET /assets/image/scanned/sertifikat/sertifikat_ujikom_depan.jpg HTTP/1.1" 403 1021
::1 - - [01/Mar/2021:15:36:43 +0700] "GET /assets/image/scanned/sertifikat/sertifikat_ujikom_blk.jpg HTTP/1.1" 403 1021
::1 - - [01/Mar/2021:15:37:37 +0700] "GET / HTTP/1.1" 200 3894
::1 - - [01/Mar/2021:15:37:37 +0700] "GET /assets/css/mystyle.css HTTP/1.1" 200 4613
::1 - - [01/Mar/2021:15:37:45 +0700] "GET /assets/js/default.js HTTP/1.1" 200 5162
::1 - - [01/Mar/2021:15:37:45 +0700] "GET /assets/image/edit2-small.jpg HTTP/1.1" 200 108604
::1 - - [01/Mar/2021:15:37:50 +0700] "GET /component/documents.html HTTP/1.1" 200 5435
::1 - - [01/Mar/2021:15:37:50 +0700] "GET /assets/image/scanned/ktp.jpg HTTP/1.1" 200 85079
::1 - - [01/Mar/2021:15:37:50 +0700] "GET /assets/image/scanned/simc.jpg HTTP/1.1" 200 102388
::1 - - [01/Mar/2021:15:37:50 +0700] "GET /assets/image/scanned/sk-mata.jpg HTTP/1.1" 200 328634
::1 - - [01/Mar/2021:15:37:50 +0700] "GET /assets/image/scanned/ijazah-depan.jpg HTTP/1.1" 200 449278
::1 - - [01/Mar/2021:15:37:50 +0700] "GET /assets/image/scanned/ijazah-belakang.jpg HTTP/1.1" 200 409223
::1 - - [01/Mar/2021:15:37:50 +0700] "GET /assets/image/scanned/transkrip.jpg HTTP/1.1" 200 396909
::1 - - [01/Mar/2021:15:37:50 +0700] "GET /assets/image/scanned/verklaring-go.jpg HTTP/1.1" 200 360760
::1 - - [01/Mar/2021:15:37:50 +0700] "GET /assets/image/scanned/verklaring/verklaring_leibel_kontrak.jpg HTTP/1.1" 403 1021
::1 - - [01/Mar/2021:15:37:50 +0700] "GET /assets/image/scanned/verklaring/verklaring_cisangkan.jpg HTTP/1.1" 403 1021
::1 - - [01/Mar/2021:15:37:50 +0700] "GET /assets/image/scanned/sertifikat/sertifikat_ujikom_depan.jpg HTTP/1.1" 403 1021
::1 - - [01/Mar/2021:15:37:50 +0700] "GET /assets/image/scanned/sertifikat/sertifikat_ujikom_blk.jpg HTTP/1.1" 403 1021
::1 - - [01/Mar/2021:15:38:52 +0700] "GET / HTTP/1.1" 200 3894
::1 - - [01/Mar/2021:15:38:52 +0700] "GET /assets/css/mystyle.css HTTP/1.1" 200 4613
::1 - - [01/Mar/2021:15:38:53 +0700] "GET /assets/js/default.js HTTP/1.1" 200 5162
::1 - - [01/Mar/2021:15:38:53 +0700] "GET /assets/image/edit2-small.jpg HTTP/1.1" 200 108604
::1 - - [01/Mar/2021:15:38:57 +0700] "GET /component/documents.html HTTP/1.1" 200 5402
::1 - - [01/Mar/2021:15:38:57 +0700] "GET /assets/image/scanned/ktp.jpg HTTP/1.1" 200 85079
::1 - - [01/Mar/2021:15:38:57 +0700] "GET /assets/image/scanned/simc.jpg HTTP/1.1" 200 102388
::1 - - [01/Mar/2021:15:38:57 +0700] "GET /assets/image/scanned/sk-mata.jpg HTTP/1.1" 200 328634
::1 - - [01/Mar/2021:15:38:57 +0700] "GET /assets/image/scanned/ijazah-depan.jpg HTTP/1.1" 200 449278
::1 - - [01/Mar/2021:15:38:57 +0700] "GET /assets/image/scanned/ijazah-belakang.jpg HTTP/1.1" 200 409223
::1 - - [01/Mar/2021:15:38:57 +0700] "GET /assets/image/scanned/transkrip.jpg HTTP/1.1" 200 396909
::1 - - [01/Mar/2021:15:38:57 +0700] "GET /assets/image/scanned/verklaring-go.jpg HTTP/1.1" 200 360760
::1 - - [01/Mar/2021:15:38:57 +0700] "GET /assets/image/scanned/verklaring_leibel_kontrak.jpg HTTP/1.1" 403 1021
::1 - - [01/Mar/2021:15:38:57 +0700] "GET /assets/image/scanned/verklaring_cisangkan.jpg HTTP/1.1" 403 1021
::1 - - [01/Mar/2021:15:38:57 +0700] "GET /assets/image/scanned/sertifikat_ujikom_depan.jpg HTTP/1.1" 403 1021
::1 - - [01/Mar/2021:15:38:57 +0700] "GET /assets/image/scanned/sertifikat/sertifikat_ujikom_blk.jpg HTTP/1.1" 404 1160
::1 - - [01/Mar/2021:15:40:02 +0700] "GET / HTTP/1.1" 200 3894
::1 - - [01/Mar/2021:15:40:02 +0700] "GET /assets/css/mystyle.css HTTP/1.1" 200 4613
::1 - - [01/Mar/2021:15:40:03 +0700] "GET /assets/js/default.js HTTP/1.1" 200 5162
::1 - - [01/Mar/2021:15:40:03 +0700] "GET /assets/image/edit2-small.jpg HTTP/1.1" 200 108604
::1 - - [01/Mar/2021:15:40:05 +0700] "GET /component/documents.html HTTP/1.1" 200 5402
::1 - - [01/Mar/2021:15:40:05 +0700] "GET /assets/image/scanned/ktp.jpg HTTP/1.1" 403 1021
::1 - - [01/Mar/2021:15:40:05 +0700] "GET /assets/image/scanned/simc.jpg HTTP/1.1" 403 1021
::1 - - [01/Mar/2021:15:40:05 +0700] "GET /assets/image/scanned/sk-mata.jpg HTTP/1.1" 403 1021
::1 - - [01/Mar/2021:15:40:05 +0700] "GET /assets/image/scanned/ijazah-depan.jpg HTTP/1.1" 403 1021
::1 - - [01/Mar/2021:15:40:05 +0700] "GET /assets/image/scanned/ijazah-belakang.jpg HTTP/1.1" 403 1021
::1 - - [01/Mar/2021:15:40:05 +0700] "GET /assets/image/scanned/transkrip.jpg HTTP/1.1" 403 1021
::1 - - [01/Mar/2021:15:40:05 +0700] "GET /assets/image/scanned/verklaring-go.jpg HTTP/1.1" 403 1021
::1 - - [01/Mar/2021:15:40:05 +0700] "GET /assets/image/scanned/verklaring_cisangkan.jpg HTTP/1.1" 403 1021
::1 - - [01/Mar/2021:15:40:05 +0700] "GET /assets/image/scanned/verklaring_leibel_kontrak.jpg HTTP/1.1" 403 1021
::1 - - [01/Mar/2021:15:40:05 +0700] "GET /assets/image/scanned/sertifikat_ujikom_depan.jpg HTTP/1.1" 403 1021
::1 - - [01/Mar/2021:15:40:05 +0700] "GET /assets/image/scanned/sertifikat/sertifikat_ujikom_blk.jpg HTTP/1.1" 404 1160
::1 - - [01/Mar/2021:15:40:40 +0700] "GET / HTTP/1.1" 200 3894
::1 - - [01/Mar/2021:15:40:40 +0700] "GET /assets/css/mystyle.css HTTP/1.1" 200 4613
::1 - - [01/Mar/2021:15:40:40 +0700] "GET /assets/js/default.js HTTP/1.1" 200 5162
::1 - - [01/Mar/2021:15:40:40 +0700] "GET /assets/image/edit2-small.jpg HTTP/1.1" 200 108604
::1 - - [01/Mar/2021:15:40:42 +0700] "GET /component/documents.html HTTP/1.1" 200 5402
::1 - - [01/Mar/2021:15:40:43 +0700] "GET /assets/image/scanned/ktp.jpg HTTP/1.1" 403 1021
::1 - - [01/Mar/2021:15:40:43 +0700] "GET /assets/image/scanned/simc.jpg HTTP/1.1" 403 1021
::1 - - [01/Mar/2021:15:40:43 +0700] "GET /assets/image/scanned/sk-mata.jpg HTTP/1.1" 403 1021
::1 - - [01/Mar/2021:15:40:43 +0700] "GET /assets/image/scanned/ijazah-belakang.jpg HTTP/1.1" 403 1021
::1 - - [01/Mar/2021:15:40:43 +0700] "GET /assets/image/scanned/ijazah-depan.jpg HTTP/1.1" 403 1021
::1 - - [01/Mar/2021:15:40:43 +0700] "GET /assets/image/scanned/transkrip.jpg HTTP/1.1" 403 1021
::1 - - [01/Mar/2021:15:40:43 +0700] "GET /assets/image/scanned/verklaring-go.jpg HTTP/1.1" 403 1021
::1 - - [01/Mar/2021:15:40:43 +0700] "GET /assets/image/scanned/verklaring_leibel_kontrak.jpg HTTP/1.1" 403 1021
::1 - - [01/Mar/2021:15:40:43 +0700] "GET /assets/image/scanned/verklaring_cisangkan.jpg HTTP/1.1" 403 1021
::1 - - [01/Mar/2021:15:40:43 +0700] "GET /assets/image/scanned/sertifikat_ujikom_depan.jpg HTTP/1.1" 403 1021
::1 - - [01/Mar/2021:15:40:43 +0700] "GET /assets/image/scanned/sertifikat/sertifikat_ujikom_blk.jpg HTTP/1.1" 404 1160
::1 - - [01/Mar/2021:15:41:01 +0700] "GET / HTTP/1.1" 200 3894
::1 - - [01/Mar/2021:15:41:01 +0700] "GET /assets/css/mystyle.css HTTP/1.1" 200 4613
::1 - - [01/Mar/2021:15:41:02 +0700] "GET /assets/js/default.js HTTP/1.1" 200 5162
::1 - - [01/Mar/2021:15:41:02 +0700] "GET /assets/image/edit2-small.jpg HTTP/1.1" 200 108604
::1 - - [01/Mar/2021:15:41:06 +0700] "GET /component/documents.html HTTP/1.1" 200 5402
::1 - - [01/Mar/2021:15:41:06 +0700] "GET /assets/image/scanned/ktp.jpg HTTP/1.1" 200 85079
::1 - - [01/Mar/2021:15:41:06 +0700] "GET /assets/image/scanned/simc.jpg HTTP/1.1" 200 102388
::1 - - [01/Mar/2021:15:41:06 +0700] "GET /assets/image/scanned/sk-mata.jpg HTTP/1.1" 200 328634
::1 - - [01/Mar/2021:15:41:06 +0700] "GET /assets/image/scanned/ijazah-belakang.jpg HTTP/1.1" 200 409223
::1 - - [01/Mar/2021:15:41:06 +0700] "GET /assets/image/scanned/ijazah-depan.jpg HTTP/1.1" 200 449278
::1 - - [01/Mar/2021:15:41:06 +0700] "GET /assets/image/scanned/transkrip.jpg HTTP/1.1" 200 396909
::1 - - [01/Mar/2021:15:41:06 +0700] "GET /assets/image/scanned/verklaring-go.jpg HTTP/1.1" 200 360760
::1 - - [01/Mar/2021:15:41:06 +0700] "GET /assets/image/scanned/verklaring_leibel_kontrak.jpg HTTP/1.1" 200 179808
::1 - - [01/Mar/2021:15:41:06 +0700] "GET /assets/image/scanned/verklaring_cisangkan.jpg HTTP/1.1" 200 275135
::1 - - [01/Mar/2021:15:41:06 +0700] "GET /assets/image/scanned/sertifikat_ujikom_depan.jpg HTTP/1.1" 200 592665
::1 - - [01/Mar/2021:15:41:06 +0700] "GET /assets/image/scanned/sertifikat/sertifikat_ujikom_blk.jpg HTTP/1.1" 404 1160
::1 - - [01/Mar/2021:15:41:36 +0700] "GET / HTTP/1.1" 200 3894
::1 - - [01/Mar/2021:15:41:37 +0700] "GET /assets/css/mystyle.css HTTP/1.1" 200 4613
::1 - - [01/Mar/2021:15:41:38 +0700] "GET /assets/js/default.js HTTP/1.1" 200 5162
::1 - - [01/Mar/2021:15:41:38 +0700] "GET /assets/image/edit2-small.jpg HTTP/1.1" 200 108604
::1 - - [01/Mar/2021:15:41:42 +0700] "GET /component/documents.html HTTP/1.1" 200 5391
::1 - - [01/Mar/2021:15:41:42 +0700] "GET /assets/image/scanned/ktp.jpg HTTP/1.1" 200 85079
::1 - - [01/Mar/2021:15:41:42 +0700] "GET /assets/image/scanned/simc.jpg HTTP/1.1" 200 102388
::1 - - [01/Mar/2021:15:41:42 +0700] "GET /assets/image/scanned/sk-mata.jpg HTTP/1.1" 200 328634
::1 - - [01/Mar/2021:15:41:42 +0700] "GET /assets/image/scanned/ijazah-depan.jpg HTTP/1.1" 200 449278
::1 - - [01/Mar/2021:15:41:42 +0700] "GET /assets/image/scanned/ijazah-belakang.jpg HTTP/1.1" 200 409223
::1 - - [01/Mar/2021:15:41:42 +0700] "GET /assets/image/scanned/transkrip.jpg HTTP/1.1" 200 396909
::1 - - [01/Mar/2021:15:41:42 +0700] "GET /assets/image/scanned/sertifikat_ujikom_depan.jpg HTTP/1.1" 200 592665
::1 - - [01/Mar/2021:15:41:42 +0700] "GET /assets/image/scanned/sertifikat_ujikom_blk.jpg HTTP/1.1" 200 293665
::1 - - [01/Mar/2021:15:41:42 +0700] "GET /assets/image/scanned/verklaring_leibel_kontrak.jpg HTTP/1.1" 200 179808
::1 - - [01/Mar/2021:15:41:42 +0700] "GET /assets/image/scanned/verklaring_cisangkan.jpg HTTP/1.1" 200 275135
::1 - - [01/Mar/2021:15:41:42 +0700] "GET /assets/image/scanned/verklaring-go.jpg HTTP/1.1" 200 360760
::1 - - [01/Mar/2021:15:41:48 +0700] "GET /assets/image/scanned/sertifikat_ujikom_depan.jpg HTTP/1.1" 200 592665
::1 - - [01/Mar/2021:15:41:53 +0700] "GET /assets/image/scanned/sertifikat_ujikom_depan.jpg HTTP/1.1" 200 592665
::1 - - [01/Mar/2021:15:41:53 +0700] "GET /assets/image/scanned/verklaring_cisangkan.jpg HTTP/1.1" 200 275135
::1 - - [01/Mar/2021:15:42:01 +0700] "GET /assets/image/scanned/verklaring_cisangkan.jpg HTTP/1.1" 200 275135
::1 - - [01/Mar/2021:15:42:01 +0700] "GET /assets/image/scanned/verklaring_leibel_kontrak.jpg HTTP/1.1" 200 179808
::1 - - [01/Mar/2021:15:42:06 +0700] "GET /assets/image/scanned/verklaring_leibel_kontrak.jpg HTTP/1.1" 200 179808
::1 - - [01/Mar/2021:15:42:06 +0700] "GET /assets/image/scanned/ijazah-belakang.jpg HTTP/1.1" 200 409223
::1 - - [01/Mar/2021:15:42:09 +0700] "GET /assets/image/scanned/ijazah-belakang.jpg HTTP/1.1" 200 409223
::1 - - [01/Mar/2021:15:42:09 +0700] "GET /assets/image/scanned/sertifikat_ujikom_depan.jpg HTTP/1.1" 200 592665
::1 - - [01/Mar/2021:15:42:13 +0700] "GET /assets/image/scanned/sertifikat_ujikom_blk.jpg HTTP/1.1" 200 293665
::1 - - [01/Mar/2021:15:42:13 +0700] "GET /assets/image/scanned/sertifikat_ujikom_depan.jpg HTTP/1.1" 200 592665
::1 - - [01/Mar/2021:15:42:19 +0700] "GET /assets/image/scanned/sertifikat_ujikom_blk.jpg HTTP/1.1" 200 293665
::1 - - [01/Mar/2021:15:42:19 +0700] "GET /assets/image/scanned/verklaring-go.jpg HTTP/1.1" 200 360760
::1 - - [01/Mar/2021:15:42:34 +0700] "GET /assets/image/scanned/verklaring-go.jpg HTTP/1.1" 200 360760
::1 - - [01/Mar/2021:15:42:34 +0700] "GET /assets/image/scanned/verklaring_leibel_kontrak.jpg HTTP/1.1" 200 179808
::1 - - [01/Mar/2021:15:42:42 +0700] "GET /component/aboutme.html HTTP/1.1" 200 1186
::1 - - [01/Mar/2021:15:42:44 +0700] "GET /component/documents.html HTTP/1.1" 200 5391
::1 - - [01/Mar/2021:15:42:44 +0700] "GET /assets/image/scanned/ktp.jpg HTTP/1.1" 200 85079
::1 - - [01/Mar/2021:15:42:44 +0700] "GET /assets/image/scanned/simc.jpg HTTP/1.1" 200 102388
::1 - - [01/Mar/2021:15:42:44 +0700] "GET /assets/image/scanned/sk-mata.jpg HTTP/1.1" 200 328634
::1 - - [01/Mar/2021:15:42:44 +0700] "GET /assets/image/scanned/ijazah-depan.jpg HTTP/1.1" 200 449278
::1 - - [01/Mar/2021:15:42:44 +0700] "GET /assets/image/scanned/verklaring_leibel_kontrak.jpg HTTP/1.1" 200 179808
::1 - - [01/Mar/2021:15:42:44 +0700] "GET /assets/image/scanned/transkrip.jpg HTTP/1.1" 200 396909
::1 - - [01/Mar/2021:15:42:44 +0700] "GET /assets/image/scanned/ijazah-belakang.jpg HTTP/1.1" 200 409223
::1 - - [01/Mar/2021:15:42:44 +0700] "GET /assets/image/scanned/verklaring-go.jpg HTTP/1.1" 200 360760
::1 - - [01/Mar/2021:15:42:44 +0700] "GET /assets/image/scanned/verklaring_cisangkan.jpg HTTP/1.1" 200 275135
::1 - - [01/Mar/2021:15:42:44 +0700] "GET /assets/image/scanned/sertifikat_ujikom_depan.jpg HTTP/1.1" 200 592665
::1 - - [01/Mar/2021:15:42:44 +0700] "GET /assets/image/scanned/sertifikat_ujikom_blk.jpg HTTP/1.1" 200 293665
::1 - - [01/Mar/2021:15:42:48 +0700] "GET /assets/image/scanned/verklaring_leibel_kontrak.jpg HTTP/1.1" 200 179808
::1 - - [01/Mar/2021:15:42:55 +0700] "GET /assets/image/scanned/verklaring_leibel_kontrak.jpg HTTP/1.1" 200 179808
::1 - - [01/Mar/2021:15:42:55 +0700] "GET /assets/image/scanned/verklaring_cisangkan.jpg HTTP/1.1" 200 275135
::1 - - [01/Mar/2021:15:43:00 +0700] "GET /assets/image/scanned/verklaring_cisangkan.jpg HTTP/1.1" 200 275135
::1 - - [01/Mar/2021:15:43:00 +0700] "GET /assets/image/scanned/sertifikat_ujikom_depan.jpg HTTP/1.1" 200 592665
::1 - - [01/Mar/2021:15:43:04 +0700] "GET /assets/image/scanned/sertifikat_ujikom_blk.jpg HTTP/1.1" 200 293665
::1 - - [01/Mar/2021:15:43:04 +0700] "GET /assets/image/scanned/sertifikat_ujikom_depan.jpg HTTP/1.1" 200 592665
::1 - - [01/Mar/2021:15:43:12 +0700] "GET /component/aboutme.html HTTP/1.1" 200 1186
