[Mon Mar 01 15:36:19.031974 2021] [core:error] [pid 25501] (13)Permission denied: [client ::1:34448] AH00132: file permissions deny server access: /home/iswan/Develop/htdocs/portofolio/assets/image/scanned/verklaring/verklaring_leibel_kontrak.jpg, referer: http://localhost:1383/
[Mon Mar 01 15:36:19.085559 2021] [core:error] [pid 25501] (13)Permission denied: [client ::1:34448] AH00132: file permissions deny server access: /home/iswan/Develop/htdocs/portofolio/assets/image/scanned/verklaring/verklaring_cisangkan.jpg, referer: http://localhost:1383/
[Mon Mar 01 15:36:19.097231 2021] [core:error] [pid 25497] (13)Permission denied: [client ::1:34502] AH00132: file permissions deny server access: /home/iswan/Develop/htdocs/portofolio/assets/image/scanned/sertifikat/sertifikat_ujikom_depan.jpg, referer: http://localhost:1383/
[Mon Mar 01 15:36:19.097968 2021] [core:error] [pid 25499] (13)Permission denied: [client ::1:34504] AH00132: file permissions deny server access: /home/iswan/Develop/htdocs/portofolio/assets/image/scanned/sertifikat/sertifikat_ujikom_blk.jpg, referer: http://localhost:1383/
[Mon Mar 01 15:36:43.383447 2021] [core:error] [pid 25500] (13)Permission denied: [client ::1:34744] AH00132: file permissions deny server access: /home/iswan/Develop/htdocs/portofolio/assets/image/scanned/verklaring/verklaring_leibel_kontrak.jpg, referer: http://localhost:1383/
[Mon Mar 01 15:36:43.400355 2021] [core:error] [pid 25694] (13)Permission denied: [client ::1:34742] AH00132: file permissions deny server access: /home/iswan/Develop/htdocs/portofolio/assets/image/scanned/verklaring/verklaring_cisangkan.jpg, referer: http://localhost:1383/
[Mon Mar 01 15:36:43.426056 2021] [core:error] [pid 27223] (13)Permission denied: [client ::1:34746] AH00132: file permissions deny server access: /home/iswan/Develop/htdocs/portofolio/assets/image/scanned/sertifikat/sertifikat_ujikom_depan.jpg, referer: http://localhost:1383/
[Mon Mar 01 15:36:43.454886 2021] [core:error] [pid 25498] (13)Permission denied: [client ::1:34748] AH00132: file permissions deny server access: /home/iswan/Develop/htdocs/portofolio/assets/image/scanned/sertifikat/sertifikat_ujikom_blk.jpg, referer: http://localhost:1383/
[Mon Mar 01 15:37:50.746032 2021] [core:error] [pid 25693] (13)Permission denied: [client ::1:35328] AH00132: file permissions deny server access: /home/iswan/Develop/htdocs/portofolio/assets/image/scanned/verklaring/verklaring_leibel_kontrak.jpg, referer: http://localhost:1383/
[Mon Mar 01 15:37:50.788810 2021] [core:error] [pid 27313] (13)Permission denied: [client ::1:35330] AH00132: file permissions deny server access: /home/iswan/Develop/htdocs/portofolio/assets/image/scanned/verklaring/verklaring_cisangkan.jpg, referer: http://localhost:1383/
[Mon Mar 01 15:37:50.804166 2021] [core:error] [pid 27223] (13)Permission denied: [client ::1:35338] AH00132: file permissions deny server access: /home/iswan/Develop/htdocs/portofolio/assets/image/scanned/sertifikat/sertifikat_ujikom_depan.jpg, referer: http://localhost:1383/
[Mon Mar 01 15:37:50.807498 2021] [core:error] [pid 25501] (13)Permission denied: [client ::1:35336] AH00132: file permissions deny server access: /home/iswan/Develop/htdocs/portofolio/assets/image/scanned/sertifikat/sertifikat_ujikom_blk.jpg, referer: http://localhost:1383/
[Mon Mar 01 15:38:57.332501 2021] [core:error] [pid 25500] (13)Permission denied: [client ::1:35890] AH00132: file permissions deny server access: /home/iswan/Develop/htdocs/portofolio/assets/image/scanned/verklaring_leibel_kontrak.jpg, referer: http://localhost:1383/
[Mon Mar 01 15:38:57.391757 2021] [core:error] [pid 25500] (13)Permission denied: [client ::1:35890] AH00132: file permissions deny server access: /home/iswan/Develop/htdocs/portofolio/assets/image/scanned/verklaring_cisangkan.jpg, referer: http://localhost:1383/
[Mon Mar 01 15:38:57.403133 2021] [core:error] [pid 25498] (13)Permission denied: [client ::1:35832] AH00132: file permissions deny server access: /home/iswan/Develop/htdocs/portofolio/assets/image/scanned/sertifikat_ujikom_depan.jpg, referer: http://localhost:1383/
[Mon Mar 01 15:40:05.205957 2021] [core:error] [pid 27313] (13)Permission denied: [client ::1:36422] AH00132: file permissions deny server access: /home/iswan/Develop/htdocs/portofolio/assets/image/scanned/ktp.jpg, referer: http://localhost:1383/
[Mon Mar 01 15:40:05.241320 2021] [core:error] [pid 27223] (13)Permission denied: [client ::1:36424] AH00132: file permissions deny server access: /home/iswan/Develop/htdocs/portofolio/assets/image/scanned/simc.jpg, referer: http://localhost:1383/
[Mon Mar 01 15:40:05.259459 2021] [core:error] [pid 27313] (13)Permission denied: [client ::1:36422] AH00132: file permissions deny server access: /home/iswan/Develop/htdocs/portofolio/assets/image/scanned/sk-mata.jpg, referer: http://localhost:1383/
[Mon Mar 01 15:40:05.271454 2021] [core:error] [pid 25501] (13)Permission denied: [client ::1:36460] AH00132: file permissions deny server access: /home/iswan/Develop/htdocs/portofolio/assets/image/scanned/ijazah-depan.jpg, referer: http://localhost:1383/
[Mon Mar 01 15:40:05.279641 2021] [core:error] [pid 27223] (13)Permission denied: [client ::1:36424] AH00132: file permissions deny server access: /home/iswan/Develop/htdocs/portofolio/assets/image/scanned/ijazah-belakang.jpg, referer: http://localhost:1383/
[Mon Mar 01 15:40:05.280771 2021] [core:error] [pid 27793] (13)Permission denied: [client ::1:36462] AH00132: file permissions deny server access: /home/iswan/Develop/htdocs/portofolio/assets/image/scanned/transkrip.jpg, referer: http://localhost:1383/
[Mon Mar 01 15:40:05.283986 2021] [core:error] [pid 25500] (13)Permission denied: [client ::1:36464] AH00132: file permissions deny server access: /home/iswan/Develop/htdocs/portofolio/assets/image/scanned/verklaring-go.jpg, referer: http://localhost:1383/
[Mon Mar 01 15:40:05.292696 2021] [core:error] [pid 25498] (13)Permission denied: [client ::1:36466] AH00132: file permissions deny server access: /home/iswan/Develop/htdocs/portofolio/assets/image/scanned/verklaring_cisangkan.jpg, referer: http://localhost:1383/
[Mon Mar 01 15:40:05.296413 2021] [core:error] [pid 27313] (13)Permission denied: [client ::1:36422] AH00132: file permissions deny server access: /home/iswan/Develop/htdocs/portofolio/assets/image/scanned/verklaring_leibel_kontrak.jpg, referer: http://localhost:1383/
[Mon Mar 01 15:40:05.303560 2021] [core:error] [pid 25501] (13)Permission denied: [client ::1:36460] AH00132: file permissions deny server access: /home/iswan/Develop/htdocs/portofolio/assets/image/scanned/sertifikat_ujikom_depan.jpg, referer: http://localhost:1383/
[Mon Mar 01 15:40:43.055408 2021] [core:error] [pid 27525] (13)Permission denied: [client ::1:36752] AH00132: file permissions deny server access: /home/iswan/Develop/htdocs/portofolio/assets/image/scanned/ktp.jpg, referer: http://localhost:1383/
[Mon Mar 01 15:40:43.073386 2021] [core:error] [pid 25694] (13)Permission denied: [client ::1:36754] AH00132: file permissions deny server access: /home/iswan/Develop/htdocs/portofolio/assets/image/scanned/simc.jpg, referer: http://localhost:1383/
[Mon Mar 01 15:40:43.079690 2021] [core:error] [pid 25691] (13)Permission denied: [client ::1:36782] AH00132: file permissions deny server access: /home/iswan/Develop/htdocs/portofolio/assets/image/scanned/sk-mata.jpg, referer: http://localhost:1383/
[Mon Mar 01 15:40:43.081458 2021] [core:error] [pid 27313] (13)Permission denied: [client ::1:36786] AH00132: file permissions deny server access: /home/iswan/Develop/htdocs/portofolio/assets/image/scanned/ijazah-belakang.jpg, referer: http://localhost:1383/
[Mon Mar 01 15:40:43.081651 2021] [core:error] [pid 28104] (13)Permission denied: [client ::1:36784] AH00132: file permissions deny server access: /home/iswan/Develop/htdocs/portofolio/assets/image/scanned/ijazah-depan.jpg, referer: http://localhost:1383/
[Mon Mar 01 15:40:43.082963 2021] [core:error] [pid 25501] (13)Permission denied: [client ::1:36788] AH00132: file permissions deny server access: /home/iswan/Develop/htdocs/portofolio/assets/image/scanned/transkrip.jpg, referer: http://localhost:1383/
[Mon Mar 01 15:40:43.090677 2021] [core:error] [pid 27525] (13)Permission denied: [client ::1:36752] AH00132: file permissions deny server access: /home/iswan/Develop/htdocs/portofolio/assets/image/scanned/verklaring-go.jpg, referer: http://localhost:1383/
[Mon Mar 01 15:40:43.147985 2021] [core:error] [pid 25694] (13)Permission denied: [client ::1:36754] AH00132: file permissions deny server access: /home/iswan/Develop/htdocs/portofolio/assets/image/scanned/verklaring_leibel_kontrak.jpg, referer: http://localhost:1383/
[Mon Mar 01 15:40:43.162356 2021] [core:error] [pid 25691] (13)Permission denied: [client ::1:36782] AH00132: file permissions deny server access: /home/iswan/Develop/htdocs/portofolio/assets/image/scanned/verklaring_cisangkan.jpg, referer: http://localhost:1383/
[Mon Mar 01 15:40:43.170917 2021] [core:error] [pid 27525] (13)Permission denied: [client ::1:36752] AH00132: file permissions deny server access: /home/iswan/Develop/htdocs/portofolio/assets/image/scanned/sertifikat_ujikom_depan.jpg, referer: http://localhost:1383/
